2025-10-14 15:21:41.974 [main] INFO  [Tracking-ID:] [User-ID:] c.e.j.d.behavioral.observer.Observer - Starting Observer using Java 17.0.6 with PID 44450 (/Users/siddharth/Desktop/personal projects/javaLearning/build/classes/java/main started by siddharth in /Users/siddharth/Desktop/personal projects/javaLearning)
2025-10-14 15:21:41.983 [main] INFO  [Tracking-ID:] [User-ID:] c.e.j.d.behavioral.observer.Observer - No active profile set, falling back to 1 default profile: "default"
2025-10-14 15:21:43.734 [main] INFO  [Tracking-ID:] [User-ID:] o.s.d.r.c.RepositoryConfigurationDelegate - Bootstrapping Spring Data JPA repositories in DEFAULT mode.
2025-10-14 15:21:43.778 [main] INFO  [Tracking-ID:] [User-ID:] o.s.d.r.c.RepositoryConfigurationDelegate - Finished Spring Data repository scanning in 23 ms. Found 0 JPA repository interfaces.
2025-10-14 15:21:44.910 [main] INFO  [Tracking-ID:] [User-ID:] o.s.b.w.e.tomcat.TomcatWebServer - Tomcat initialized with port 8090 (http)
2025-10-14 15:21:44.925 [main] INFO  [Tracking-ID:] [User-ID:] o.a.coyote.http11.Http11NioProtocol - Initializing ProtocolHandler ["http-nio-8090"]
2025-10-14 15:21:44.927 [main] INFO  [Tracking-ID:] [User-ID:] o.a.catalina.core.StandardService - Starting service [Tomcat]
2025-10-14 15:21:44.927 [main] INFO  [Tracking-ID:] [User-ID:] o.a.catalina.core.StandardEngine - Starting Servlet engine: [Apache Tomcat/10.1.44]
2025-10-14 15:21:45.036 [main] INFO  [Tracking-ID:] [User-ID:] o.a.c.c.C.[Tomcat].[localhost].[/] - Initializing Spring embedded WebApplicationContext
2025-10-14 15:21:45.037 [main] INFO  [Tracking-ID:] [User-ID:] o.s.b.w.s.c.ServletWebServerApplicationContext - Root WebApplicationContext: initialization completed in 2893 ms
2025-10-14 15:21:45.357 [main] INFO  [Tracking-ID:] [User-ID:] com.zaxxer.hikari.HikariDataSource - HikariPool-1 - Starting...
2025-10-14 15:21:45.530 [main] INFO  [Tracking-ID:] [User-ID:] com.zaxxer.hikari.pool.HikariPool - HikariPool-1 - Added connection org.mariadb.jdbc.Connection@d5e575c
2025-10-14 15:21:45.532 [main] INFO  [Tracking-ID:] [User-ID:] com.zaxxer.hikari.HikariDataSource - HikariPool-1 - Start completed.
2025-10-14 15:21:45.600 [main] INFO  [Tracking-ID:] [User-ID:] o.h.jpa.internal.util.LogHelper - HHH000204: Processing PersistenceUnitInfo [name: default]
2025-10-14 15:21:45.660 [main] INFO  [Tracking-ID:] [User-ID:] org.hibernate.Version - HHH000412: Hibernate ORM core version 6.6.26.Final
2025-10-14 15:21:45.696 [main] INFO  [Tracking-ID:] [User-ID:] o.h.c.i.RegionFactoryInitiator - HHH000026: Second-level cache disabled
2025-10-14 15:21:46.029 [main] INFO  [Tracking-ID:] [User-ID:] o.s.o.j.p.SpringPersistenceUnitInfo - No LoadTimeWeaver setup: ignoring JPA class transformer
2025-10-14 15:21:46.129 [main] INFO  [Tracking-ID:] [User-ID:] o.hibernate.orm.connections.pooling - HHH10001005: Database info:
	Database JDBC URL [Connecting through datasource 'HikariDataSource (HikariPool-1)']
	Database driver: undefined/unknown
	Database version: 12.0.2
	Autocommit mode: undefined/unknown
	Isolation level: undefined/unknown
	Minimum pool size: undefined/unknown
	Maximum pool size: undefined/unknown
2025-10-14 15:21:46.455 [main] INFO  [Tracking-ID:] [User-ID:] o.h.e.t.j.p.i.JtaPlatformInitiator - HHH000489: No JTA platform available (set 'hibernate.transaction.jta.platform' to enable JTA platform integration)
2025-10-14 15:21:46.460 [main] INFO  [Tracking-ID:] [User-ID:] o.s.o.j.LocalContainerEntityManagerFactoryBean - Initialized JPA EntityManagerFactory for persistence unit 'default'
2025-10-14 15:21:46.563 [main] WARN  [Tracking-ID:] [User-ID:] o.s.b.a.o.j.JpaBaseConfiguration$JpaWebConfiguration - spring.jpa.open-in-view is enabled by default. Therefore, database queries may be performed during view rendering. Explicitly configure spring.jpa.open-in-view to disable this warning
2025-10-14 15:21:47.314 [main] WARN  [Tracking-ID:] [User-ID:] o.s.b.a.s.s.UserDetailsServiceAutoConfiguration - 

Using generated security password: 70739517-e3b9-4a8b-bb4b-f7f52359c2ea

This generated password is for development use only. Your security configuration must be updated before running your application in production.

2025-10-14 15:21:47.322 [main] INFO  [Tracking-ID:] [User-ID:] o.s.s.c.a.a.c.InitializeUserDetailsBeanManagerConfigurer$InitializeUserDetailsManagerConfigurer - Global AuthenticationManager configured with UserDetailsService bean with name inMemoryUserDetailsManager
2025-10-14 15:21:47.538 [main] INFO  [Tracking-ID:] [User-ID:] o.a.coyote.http11.Http11NioProtocol - Starting ProtocolHandler ["http-nio-8090"]
2025-10-14 15:21:47.558 [main] INFO  [Tracking-ID:] [User-ID:] o.s.b.w.e.tomcat.TomcatWebServer - Tomcat started on port 8090 (http) with context path '/'
2025-10-14 15:21:47.583 [main] INFO  [Tracking-ID:] [User-ID:] c.e.j.d.behavioral.observer.Observer - Started Observer in 6.784 seconds (process running for 7.469)
2025-10-14 15:23:13.146 [HikariPool-1:housekeeper] WARN  [Tracking-ID:] [User-ID:] com.zaxxer.hikari.pool.HikariPool - HikariPool-1 - Thread starvation or clock leap detected (housekeeper delta=1m27s502ms).
2025-10-14 15:24:05.097 [main] INFO  [Tracking-ID:] [User-ID:] c.e.j.d.behavioral.observer.Observer - Starting Observer using Java 17.0.6 with PID 47166 (/Users/siddharth/Desktop/personal projects/javaLearning/build/classes/java/main started by siddharth in /Users/siddharth/Desktop/personal projects/javaLearning)
2025-10-14 15:24:05.101 [main] INFO  [Tracking-ID:] [User-ID:] c.e.j.d.behavioral.observer.Observer - No active profile set, falling back to 1 default profile: "default"
2025-10-14 15:24:06.499 [main] INFO  [Tracking-ID:] [User-ID:] o.s.d.r.c.RepositoryConfigurationDelegate - Bootstrapping Spring Data JPA repositories in DEFAULT mode.
2025-10-14 15:24:06.547 [main] INFO  [Tracking-ID:] [User-ID:] o.s.d.r.c.RepositoryConfigurationDelegate - Finished Spring Data repository scanning in 29 ms. Found 0 JPA repository interfaces.
2025-10-14 15:24:07.699 [main] INFO  [Tracking-ID:] [User-ID:] o.s.b.w.e.tomcat.TomcatWebServer - Tomcat initialized with port 8090 (http)
2025-10-14 15:24:07.711 [main] INFO  [Tracking-ID:] [User-ID:] o.a.coyote.http11.Http11NioProtocol - Initializing ProtocolHandler ["http-nio-8090"]
2025-10-14 15:24:07.716 [main] INFO  [Tracking-ID:] [User-ID:] o.a.catalina.core.StandardService - Starting service [Tomcat]
2025-10-14 15:24:07.716 [main] INFO  [Tracking-ID:] [User-ID:] o.a.catalina.core.StandardEngine - Starting Servlet engine: [Apache Tomcat/10.1.44]
2025-10-14 15:24:07.806 [main] INFO  [Tracking-ID:] [User-ID:] o.a.c.c.C.[Tomcat].[localhost].[/] - Initializing Spring embedded WebApplicationContext
2025-10-14 15:24:07.807 [main] INFO  [Tracking-ID:] [User-ID:] o.s.b.w.s.c.ServletWebServerApplicationContext - Root WebApplicationContext: initialization completed in 2611 ms
2025-10-14 15:24:08.124 [main] INFO  [Tracking-ID:] [User-ID:] com.zaxxer.hikari.HikariDataSource - HikariPool-1 - Starting...
2025-10-14 15:24:08.233 [main] INFO  [Tracking-ID:] [User-ID:] com.zaxxer.hikari.pool.HikariPool - HikariPool-1 - Added connection org.mariadb.jdbc.Connection@7926352f
2025-10-14 15:24:08.235 [main] INFO  [Tracking-ID:] [User-ID:] com.zaxxer.hikari.HikariDataSource - HikariPool-1 - Start completed.
2025-10-14 15:24:08.297 [main] INFO  [Tracking-ID:] [User-ID:] o.h.jpa.internal.util.LogHelper - HHH000204: Processing PersistenceUnitInfo [name: default]
2025-10-14 15:24:08.367 [main] INFO  [Tracking-ID:] [User-ID:] org.hibernate.Version - HHH000412: Hibernate ORM core version 6.6.26.Final
2025-10-14 15:24:08.431 [main] INFO  [Tracking-ID:] [User-ID:] o.h.c.i.RegionFactoryInitiator - HHH000026: Second-level cache disabled
2025-10-14 15:24:08.739 [main] INFO  [Tracking-ID:] [User-ID:] o.s.o.j.p.SpringPersistenceUnitInfo - No LoadTimeWeaver setup: ignoring JPA class transformer
2025-10-14 15:24:08.854 [main] INFO  [Tracking-ID:] [User-ID:] o.hibernate.orm.connections.pooling - HHH10001005: Database info:
	Database JDBC URL [Connecting through datasource 'HikariDataSource (HikariPool-1)']
	Database driver: undefined/unknown
	Database version: 12.0.2
	Autocommit mode: undefined/unknown
	Isolation level: undefined/unknown
	Minimum pool size: undefined/unknown
	Maximum pool size: undefined/unknown
2025-10-14 15:24:09.180 [main] INFO  [Tracking-ID:] [User-ID:] o.h.e.t.j.p.i.JtaPlatformInitiator - HHH000489: No JTA platform available (set 'hibernate.transaction.jta.platform' to enable JTA platform integration)
2025-10-14 15:24:09.185 [main] INFO  [Tracking-ID:] [User-ID:] o.s.o.j.LocalContainerEntityManagerFactoryBean - Initialized JPA EntityManagerFactory for persistence unit 'default'
2025-10-14 15:24:09.281 [main] WARN  [Tracking-ID:] [User-ID:] o.s.b.a.o.j.JpaBaseConfiguration$JpaWebConfiguration - spring.jpa.open-in-view is enabled by default. Therefore, database queries may be performed during view rendering. Explicitly configure spring.jpa.open-in-view to disable this warning
2025-10-14 15:24:10.026 [main] WARN  [Tracking-ID:] [User-ID:] o.s.b.a.s.s.UserDetailsServiceAutoConfiguration - 

Using generated security password: b252f8d1-c585-4440-a60d-890abeea0807

This generated password is for development use only. Your security configuration must be updated before running your application in production.

2025-10-14 15:24:10.035 [main] INFO  [Tracking-ID:] [User-ID:] o.s.s.c.a.a.c.InitializeUserDetailsBeanManagerConfigurer$InitializeUserDetailsManagerConfigurer - Global AuthenticationManager configured with UserDetailsService bean with name inMemoryUserDetailsManager
2025-10-14 15:24:10.250 [main] INFO  [Tracking-ID:] [User-ID:] o.a.coyote.http11.Http11NioProtocol - Starting ProtocolHandler ["http-nio-8090"]
2025-10-14 15:24:10.277 [main] INFO  [Tracking-ID:] [User-ID:] o.s.b.w.e.tomcat.TomcatWebServer - Tomcat started on port 8090 (http) with context path '/'
2025-10-14 15:24:10.297 [main] INFO  [Tracking-ID:] [User-ID:] c.e.j.d.behavioral.observer.Observer - Started Observer in 6.619 seconds (process running for 7.396)
2025-10-14 15:24:43.682 [main] INFO  [Tracking-ID:] [User-ID:] c.e.j.d.behavioral.observer.Observer - Starting Observer using Java 17.0.6 with PID 47576 (/Users/siddharth/Desktop/personal projects/javaLearning/build/classes/java/main started by siddharth in /Users/siddharth/Desktop/personal projects/javaLearning)
2025-10-14 15:24:43.685 [main] INFO  [Tracking-ID:] [User-ID:] c.e.j.d.behavioral.observer.Observer - No active profile set, falling back to 1 default profile: "default"
2025-10-14 15:24:45.123 [main] INFO  [Tracking-ID:] [User-ID:] o.s.d.r.c.RepositoryConfigurationDelegate - Bootstrapping Spring Data JPA repositories in DEFAULT mode.
2025-10-14 15:24:45.169 [main] INFO  [Tracking-ID:] [User-ID:] o.s.d.r.c.RepositoryConfigurationDelegate - Finished Spring Data repository scanning in 26 ms. Found 0 JPA repository interfaces.
2025-10-14 15:24:46.244 [main] INFO  [Tracking-ID:] [User-ID:] o.s.b.w.e.tomcat.TomcatWebServer - Tomcat initialized with port 8090 (http)
2025-10-14 15:24:46.261 [main] INFO  [Tracking-ID:] [User-ID:] o.a.coyote.http11.Http11NioProtocol - Initializing ProtocolHandler ["http-nio-8090"]
2025-10-14 15:24:46.262 [main] INFO  [Tracking-ID:] [User-ID:] o.a.catalina.core.StandardService - Starting service [Tomcat]
2025-10-14 15:24:46.262 [main] INFO  [Tracking-ID:] [User-ID:] o.a.catalina.core.StandardEngine - Starting Servlet engine: [Apache Tomcat/10.1.44]
2025-10-14 15:24:46.352 [main] INFO  [Tracking-ID:] [User-ID:] o.a.c.c.C.[Tomcat].[localhost].[/] - Initializing Spring embedded WebApplicationContext
2025-10-14 15:24:46.353 [main] INFO  [Tracking-ID:] [User-ID:] o.s.b.w.s.c.ServletWebServerApplicationContext - Root WebApplicationContext: initialization completed in 2554 ms
2025-10-14 15:24:46.646 [main] INFO  [Tracking-ID:] [User-ID:] com.zaxxer.hikari.HikariDataSource - HikariPool-1 - Starting...
2025-10-14 15:24:46.772 [main] INFO  [Tracking-ID:] [User-ID:] com.zaxxer.hikari.pool.HikariPool - HikariPool-1 - Added connection org.mariadb.jdbc.Connection@37af24cb
2025-10-14 15:24:46.773 [main] INFO  [Tracking-ID:] [User-ID:] com.zaxxer.hikari.HikariDataSource - HikariPool-1 - Start completed.
2025-10-14 15:24:46.823 [main] INFO  [Tracking-ID:] [User-ID:] o.h.jpa.internal.util.LogHelper - HHH000204: Processing PersistenceUnitInfo [name: default]
2025-10-14 15:24:46.897 [main] INFO  [Tracking-ID:] [User-ID:] org.hibernate.Version - HHH000412: Hibernate ORM core version 6.6.26.Final
2025-10-14 15:24:46.933 [main] INFO  [Tracking-ID:] [User-ID:] o.h.c.i.RegionFactoryInitiator - HHH000026: Second-level cache disabled
2025-10-14 15:24:47.259 [main] INFO  [Tracking-ID:] [User-ID:] o.s.o.j.p.SpringPersistenceUnitInfo - No LoadTimeWeaver setup: ignoring JPA class transformer
2025-10-14 15:24:47.354 [main] INFO  [Tracking-ID:] [User-ID:] o.hibernate.orm.connections.pooling - HHH10001005: Database info:
	Database JDBC URL [Connecting through datasource 'HikariDataSource (HikariPool-1)']
	Database driver: undefined/unknown
	Database version: 12.0.2
	Autocommit mode: undefined/unknown
	Isolation level: undefined/unknown
	Minimum pool size: undefined/unknown
	Maximum pool size: undefined/unknown
2025-10-14 15:24:47.702 [main] INFO  [Tracking-ID:] [User-ID:] o.h.e.t.j.p.i.JtaPlatformInitiator - HHH000489: No JTA platform available (set 'hibernate.transaction.jta.platform' to enable JTA platform integration)
2025-10-14 15:24:47.707 [main] INFO  [Tracking-ID:] [User-ID:] o.s.o.j.LocalContainerEntityManagerFactoryBean - Initialized JPA EntityManagerFactory for persistence unit 'default'
2025-10-14 15:24:47.832 [main] WARN  [Tracking-ID:] [User-ID:] o.s.b.a.o.j.JpaBaseConfiguration$JpaWebConfiguration - spring.jpa.open-in-view is enabled by default. Therefore, database queries may be performed during view rendering. Explicitly configure spring.jpa.open-in-view to disable this warning
2025-10-14 15:24:48.597 [main] WARN  [Tracking-ID:] [User-ID:] o.s.b.a.s.s.UserDetailsServiceAutoConfiguration - 

Using generated security password: bf39b972-d5f2-4935-871c-11c079184f56

This generated password is for development use only. Your security configuration must be updated before running your application in production.

2025-10-14 15:24:48.605 [main] INFO  [Tracking-ID:] [User-ID:] o.s.s.c.a.a.c.InitializeUserDetailsBeanManagerConfigurer$InitializeUserDetailsManagerConfigurer - Global AuthenticationManager configured with UserDetailsService bean with name inMemoryUserDetailsManager
2025-10-14 15:24:48.808 [main] INFO  [Tracking-ID:] [User-ID:] o.a.coyote.http11.Http11NioProtocol - Starting ProtocolHandler ["http-nio-8090"]
2025-10-14 15:24:48.830 [main] INFO  [Tracking-ID:] [User-ID:] o.s.b.w.e.tomcat.TomcatWebServer - Tomcat started on port 8090 (http) with context path '/'
2025-10-14 15:24:48.850 [main] INFO  [Tracking-ID:] [User-ID:] c.e.j.d.behavioral.observer.Observer - Started Observer in 6.42 seconds (process running for 7.122)
2025-10-14 15:29:02.874 [main] INFO  [Tracking-ID:] [User-ID:] c.e.j.d.behavioral.observer.Observer - Starting Observer using Java 17.0.6 with PID 52133 (/Users/siddharth/Desktop/personal projects/javaLearning/build/classes/java/main started by siddharth in /Users/siddharth/Desktop/personal projects/javaLearning)
2025-10-14 15:29:02.882 [main] INFO  [Tracking-ID:] [User-ID:] c.e.j.d.behavioral.observer.Observer - No active profile set, falling back to 1 default profile: "default"
2025-10-14 15:29:04.266 [main] INFO  [Tracking-ID:] [User-ID:] o.s.d.r.c.RepositoryConfigurationDelegate - Bootstrapping Spring Data JPA repositories in DEFAULT mode.
2025-10-14 15:29:04.308 [main] INFO  [Tracking-ID:] [User-ID:] o.s.d.r.c.RepositoryConfigurationDelegate - Finished Spring Data repository scanning in 25 ms. Found 0 JPA repository interfaces.
2025-10-14 15:29:05.386 [main] INFO  [Tracking-ID:] [User-ID:] o.s.b.w.e.tomcat.TomcatWebServer - Tomcat initialized with port 8090 (http)
2025-10-14 15:29:05.399 [main] INFO  [Tracking-ID:] [User-ID:] o.a.coyote.http11.Http11NioProtocol - Initializing ProtocolHandler ["http-nio-8090"]
2025-10-14 15:29:05.403 [main] INFO  [Tracking-ID:] [User-ID:] o.a.catalina.core.StandardService - Starting service [Tomcat]
2025-10-14 15:29:05.403 [main] INFO  [Tracking-ID:] [User-ID:] o.a.catalina.core.StandardEngine - Starting Servlet engine: [Apache Tomcat/10.1.44]
2025-10-14 15:29:05.536 [main] INFO  [Tracking-ID:] [User-ID:] o.a.c.c.C.[Tomcat].[localhost].[/] - Initializing Spring embedded WebApplicationContext
2025-10-14 15:29:05.536 [main] INFO  [Tracking-ID:] [User-ID:] o.s.b.w.s.c.ServletWebServerApplicationContext - Root WebApplicationContext: initialization completed in 2566 ms
2025-10-14 15:29:05.899 [main] INFO  [Tracking-ID:] [User-ID:] com.zaxxer.hikari.HikariDataSource - HikariPool-1 - Starting...
2025-10-14 15:29:06.012 [main] INFO  [Tracking-ID:] [User-ID:] com.zaxxer.hikari.pool.HikariPool - HikariPool-1 - Added connection org.mariadb.jdbc.Connection@31efacad
2025-10-14 15:29:06.014 [main] INFO  [Tracking-ID:] [User-ID:] com.zaxxer.hikari.HikariDataSource - HikariPool-1 - Start completed.
2025-10-14 15:29:06.076 [main] INFO  [Tracking-ID:] [User-ID:] o.h.jpa.internal.util.LogHelper - HHH000204: Processing PersistenceUnitInfo [name: default]
2025-10-14 15:29:06.147 [main] INFO  [Tracking-ID:] [User-ID:] org.hibernate.Version - HHH000412: Hibernate ORM core version 6.6.26.Final
2025-10-14 15:29:06.178 [main] INFO  [Tracking-ID:] [User-ID:] o.h.c.i.RegionFactoryInitiator - HHH000026: Second-level cache disabled
2025-10-14 15:29:06.478 [main] INFO  [Tracking-ID:] [User-ID:] o.s.o.j.p.SpringPersistenceUnitInfo - No LoadTimeWeaver setup: ignoring JPA class transformer
2025-10-14 15:29:06.580 [main] INFO  [Tracking-ID:] [User-ID:] o.hibernate.orm.connections.pooling - HHH10001005: Database info:
	Database JDBC URL [Connecting through datasource 'HikariDataSource (HikariPool-1)']
	Database driver: undefined/unknown
	Database version: 12.0.2
	Autocommit mode: undefined/unknown
	Isolation level: undefined/unknown
	Minimum pool size: undefined/unknown
	Maximum pool size: undefined/unknown
2025-10-14 15:29:06.900 [main] INFO  [Tracking-ID:] [User-ID:] o.h.e.t.j.p.i.JtaPlatformInitiator - HHH000489: No JTA platform available (set 'hibernate.transaction.jta.platform' to enable JTA platform integration)
2025-10-14 15:29:06.904 [main] INFO  [Tracking-ID:] [User-ID:] o.s.o.j.LocalContainerEntityManagerFactoryBean - Initialized JPA EntityManagerFactory for persistence unit 'default'
2025-10-14 15:29:07.009 [main] WARN  [Tracking-ID:] [User-ID:] o.s.b.a.o.j.JpaBaseConfiguration$JpaWebConfiguration - spring.jpa.open-in-view is enabled by default. Therefore, database queries may be performed during view rendering. Explicitly configure spring.jpa.open-in-view to disable this warning
2025-10-14 15:29:07.876 [main] WARN  [Tracking-ID:] [User-ID:] o.s.b.a.s.s.UserDetailsServiceAutoConfiguration - 

Using generated security password: f646f73f-1803-4f40-8dba-bbff8892ee45

This generated password is for development use only. Your security configuration must be updated before running your application in production.

2025-10-14 15:29:07.916 [main] INFO  [Tracking-ID:] [User-ID:] o.s.s.c.a.a.c.InitializeUserDetailsBeanManagerConfigurer$InitializeUserDetailsManagerConfigurer - Global AuthenticationManager configured with UserDetailsService bean with name inMemoryUserDetailsManager
2025-10-14 15:29:08.374 [main] INFO  [Tracking-ID:] [User-ID:] o.a.coyote.http11.Http11NioProtocol - Starting ProtocolHandler ["http-nio-8090"]
2025-10-14 15:29:08.399 [main] INFO  [Tracking-ID:] [User-ID:] o.s.b.w.e.tomcat.TomcatWebServer - Tomcat started on port 8090 (http) with context path '/'
2025-10-14 15:29:08.418 [main] INFO  [Tracking-ID:] [User-ID:] c.e.j.d.behavioral.observer.Observer - Started Observer in 6.675 seconds (process running for 7.314)
2025-10-14 15:29:25.086 [SpringApplicationShutdownHook] INFO  [Tracking-ID:] [User-ID:] o.s.b.w.e.tomcat.GracefulShutdown - Commencing graceful shutdown. Waiting for active requests to complete
2025-10-14 15:29:25.104 [tomcat-shutdown] INFO  [Tracking-ID:] [User-ID:] o.s.b.w.e.tomcat.GracefulShutdown - Graceful shutdown complete
2025-10-14 15:29:25.114 [SpringApplicationShutdownHook] INFO  [Tracking-ID:] [User-ID:] o.s.o.j.LocalContainerEntityManagerFactoryBean - Closing JPA EntityManagerFactory for persistence unit 'default'
2025-10-14 15:29:25.125 [SpringApplicationShutdownHook] INFO  [Tracking-ID:] [User-ID:] com.zaxxer.hikari.HikariDataSource - HikariPool-1 - Shutdown initiated...
2025-10-14 15:29:25.134 [SpringApplicationShutdownHook] INFO  [Tracking-ID:] [User-ID:] com.zaxxer.hikari.HikariDataSource - HikariPool-1 - Shutdown completed.
2025-10-14 15:31:17.453 [main] INFO  [Tracking-ID:] [User-ID:] c.e.j.d.behavioral.observer.Observer - Starting Observer using Java 17.0.6 with PID 54387 (/Users/siddharth/Desktop/personal projects/javaLearning/build/classes/java/main started by siddharth in /Users/siddharth/Desktop/personal projects/javaLearning)
2025-10-14 15:31:17.457 [main] INFO  [Tracking-ID:] [User-ID:] c.e.j.d.behavioral.observer.Observer - No active profile set, falling back to 1 default profile: "default"
2025-10-14 15:31:18.929 [main] INFO  [Tracking-ID:] [User-ID:] o.s.d.r.c.RepositoryConfigurationDelegate - Bootstrapping Spring Data JPA repositories in DEFAULT mode.
2025-10-14 15:31:18.972 [main] INFO  [Tracking-ID:] [User-ID:] o.s.d.r.c.RepositoryConfigurationDelegate - Finished Spring Data repository scanning in 25 ms. Found 0 JPA repository interfaces.
2025-10-14 15:31:20.039 [main] INFO  [Tracking-ID:] [User-ID:] o.s.b.w.e.tomcat.TomcatWebServer - Tomcat initialized with port 8090 (http)
2025-10-14 15:31:20.051 [main] INFO  [Tracking-ID:] [User-ID:] o.a.coyote.http11.Http11NioProtocol - Initializing ProtocolHandler ["http-nio-8090"]
2025-10-14 15:31:20.055 [main] INFO  [Tracking-ID:] [User-ID:] o.a.catalina.core.StandardService - Starting service [Tomcat]
2025-10-14 15:31:20.056 [main] INFO  [Tracking-ID:] [User-ID:] o.a.catalina.core.StandardEngine - Starting Servlet engine: [Apache Tomcat/10.1.44]
2025-10-14 15:31:20.145 [main] INFO  [Tracking-ID:] [User-ID:] o.a.c.c.C.[Tomcat].[localhost].[/] - Initializing Spring embedded WebApplicationContext
2025-10-14 15:31:20.145 [main] INFO  [Tracking-ID:] [User-ID:] o.s.b.w.s.c.ServletWebServerApplicationContext - Root WebApplicationContext: initialization completed in 2586 ms
2025-10-14 15:31:20.498 [main] INFO  [Tracking-ID:] [User-ID:] com.zaxxer.hikari.HikariDataSource - HikariPool-1 - Starting...
2025-10-14 15:31:20.623 [main] INFO  [Tracking-ID:] [User-ID:] com.zaxxer.hikari.pool.HikariPool - HikariPool-1 - Added connection org.mariadb.jdbc.Connection@31efacad
2025-10-14 15:31:20.624 [main] INFO  [Tracking-ID:] [User-ID:] com.zaxxer.hikari.HikariDataSource - HikariPool-1 - Start completed.
2025-10-14 15:31:20.688 [main] INFO  [Tracking-ID:] [User-ID:] o.h.jpa.internal.util.LogHelper - HHH000204: Processing PersistenceUnitInfo [name: default]
2025-10-14 15:31:20.754 [main] INFO  [Tracking-ID:] [User-ID:] org.hibernate.Version - HHH000412: Hibernate ORM core version 6.6.26.Final
2025-10-14 15:31:20.790 [main] INFO  [Tracking-ID:] [User-ID:] o.h.c.i.RegionFactoryInitiator - HHH000026: Second-level cache disabled
2025-10-14 15:31:21.086 [main] INFO  [Tracking-ID:] [User-ID:] o.s.o.j.p.SpringPersistenceUnitInfo - No LoadTimeWeaver setup: ignoring JPA class transformer
2025-10-14 15:31:21.190 [main] INFO  [Tracking-ID:] [User-ID:] o.hibernate.orm.connections.pooling - HHH10001005: Database info:
	Database JDBC URL [Connecting through datasource 'HikariDataSource (HikariPool-1)']
	Database driver: undefined/unknown
	Database version: 12.0.2
	Autocommit mode: undefined/unknown
	Isolation level: undefined/unknown
	Minimum pool size: undefined/unknown
	Maximum pool size: undefined/unknown
2025-10-14 15:31:21.501 [main] INFO  [Tracking-ID:] [User-ID:] o.h.e.t.j.p.i.JtaPlatformInitiator - HHH000489: No JTA platform available (set 'hibernate.transaction.jta.platform' to enable JTA platform integration)
2025-10-14 15:31:21.506 [main] INFO  [Tracking-ID:] [User-ID:] o.s.o.j.LocalContainerEntityManagerFactoryBean - Initialized JPA EntityManagerFactory for persistence unit 'default'
2025-10-14 15:31:21.631 [main] WARN  [Tracking-ID:] [User-ID:] o.s.b.a.o.j.JpaBaseConfiguration$JpaWebConfiguration - spring.jpa.open-in-view is enabled by default. Therefore, database queries may be performed during view rendering. Explicitly configure spring.jpa.open-in-view to disable this warning
2025-10-14 15:31:22.368 [main] WARN  [Tracking-ID:] [User-ID:] o.s.b.a.s.s.UserDetailsServiceAutoConfiguration - 

Using generated security password: c5ca4728-7bd7-45c5-9db8-726cff90bf67

This generated password is for development use only. Your security configuration must be updated before running your application in production.

2025-10-14 15:31:22.378 [main] INFO  [Tracking-ID:] [User-ID:] o.s.s.c.a.a.c.InitializeUserDetailsBeanManagerConfigurer$InitializeUserDetailsManagerConfigurer - Global AuthenticationManager configured with UserDetailsService bean with name inMemoryUserDetailsManager
2025-10-14 15:31:22.571 [main] INFO  [Tracking-ID:] [User-ID:] o.a.coyote.http11.Http11NioProtocol - Starting ProtocolHandler ["http-nio-8090"]
2025-10-14 15:31:22.589 [main] INFO  [Tracking-ID:] [User-ID:] o.s.b.w.e.tomcat.TomcatWebServer - Tomcat started on port 8090 (http) with context path '/'
2025-10-14 15:31:22.609 [main] INFO  [Tracking-ID:] [User-ID:] c.e.j.d.behavioral.observer.Observer - Started Observer in 6.576 seconds (process running for 7.318)
2025-10-14 15:32:10.576 [main] INFO  [Tracking-ID:] [User-ID:] c.e.j.d.behavioral.observer.Observer - Starting Observer using Java 17.0.6 with PID 55153 (/Users/siddharth/Desktop/personal projects/javaLearning/build/classes/java/main started by siddharth in /Users/siddharth/Desktop/personal projects/javaLearning)
2025-10-14 15:32:10.581 [main] INFO  [Tracking-ID:] [User-ID:] c.e.j.d.behavioral.observer.Observer - No active profile set, falling back to 1 default profile: "default"
2025-10-14 15:32:11.995 [main] INFO  [Tracking-ID:] [User-ID:] o.s.d.r.c.RepositoryConfigurationDelegate - Bootstrapping Spring Data JPA repositories in DEFAULT mode.
2025-10-14 15:32:12.037 [main] INFO  [Tracking-ID:] [User-ID:] o.s.d.r.c.RepositoryConfigurationDelegate - Finished Spring Data repository scanning in 24 ms. Found 0 JPA repository interfaces.
2025-10-14 15:32:13.024 [main] INFO  [Tracking-ID:] [User-ID:] o.s.b.w.e.tomcat.TomcatWebServer - Tomcat initialized with port 8090 (http)
2025-10-14 15:32:13.036 [main] INFO  [Tracking-ID:] [User-ID:] o.a.coyote.http11.Http11NioProtocol - Initializing ProtocolHandler ["http-nio-8090"]
2025-10-14 15:32:13.039 [main] INFO  [Tracking-ID:] [User-ID:] o.a.catalina.core.StandardService - Starting service [Tomcat]
2025-10-14 15:32:13.039 [main] INFO  [Tracking-ID:] [User-ID:] o.a.catalina.core.StandardEngine - Starting Servlet engine: [Apache Tomcat/10.1.44]
2025-10-14 15:32:13.130 [main] INFO  [Tracking-ID:] [User-ID:] o.a.c.c.C.[Tomcat].[localhost].[/] - Initializing Spring embedded WebApplicationContext
2025-10-14 15:32:13.131 [main] INFO  [Tracking-ID:] [User-ID:] o.s.b.w.s.c.ServletWebServerApplicationContext - Root WebApplicationContext: initialization completed in 2463 ms
2025-10-14 15:32:13.419 [main] INFO  [Tracking-ID:] [User-ID:] com.zaxxer.hikari.HikariDataSource - HikariPool-1 - Starting...
2025-10-14 15:32:13.543 [main] INFO  [Tracking-ID:] [User-ID:] com.zaxxer.hikari.pool.HikariPool - HikariPool-1 - Added connection org.mariadb.jdbc.Connection@11f23203
2025-10-14 15:32:13.544 [main] INFO  [Tracking-ID:] [User-ID:] com.zaxxer.hikari.HikariDataSource - HikariPool-1 - Start completed.
2025-10-14 15:32:13.604 [main] INFO  [Tracking-ID:] [User-ID:] o.h.jpa.internal.util.LogHelper - HHH000204: Processing PersistenceUnitInfo [name: default]
2025-10-14 15:32:13.674 [main] INFO  [Tracking-ID:] [User-ID:] org.hibernate.Version - HHH000412: Hibernate ORM core version 6.6.26.Final
2025-10-14 15:32:13.706 [main] INFO  [Tracking-ID:] [User-ID:] o.h.c.i.RegionFactoryInitiator - HHH000026: Second-level cache disabled
2025-10-14 15:32:14.015 [main] INFO  [Tracking-ID:] [User-ID:] o.s.o.j.p.SpringPersistenceUnitInfo - No LoadTimeWeaver setup: ignoring JPA class transformer
2025-10-14 15:32:14.106 [main] INFO  [Tracking-ID:] [User-ID:] o.hibernate.orm.connections.pooling - HHH10001005: Database info:
	Database JDBC URL [Connecting through datasource 'HikariDataSource (HikariPool-1)']
	Database driver: undefined/unknown
	Database version: 12.0.2
	Autocommit mode: undefined/unknown
	Isolation level: undefined/unknown
	Minimum pool size: undefined/unknown
	Maximum pool size: undefined/unknown
2025-10-14 15:32:14.414 [main] INFO  [Tracking-ID:] [User-ID:] o.h.e.t.j.p.i.JtaPlatformInitiator - HHH000489: No JTA platform available (set 'hibernate.transaction.jta.platform' to enable JTA platform integration)
2025-10-14 15:32:14.418 [main] INFO  [Tracking-ID:] [User-ID:] o.s.o.j.LocalContainerEntityManagerFactoryBean - Initialized JPA EntityManagerFactory for persistence unit 'default'
2025-10-14 15:32:14.539 [main] WARN  [Tracking-ID:] [User-ID:] o.s.b.a.o.j.JpaBaseConfiguration$JpaWebConfiguration - spring.jpa.open-in-view is enabled by default. Therefore, database queries may be performed during view rendering. Explicitly configure spring.jpa.open-in-view to disable this warning
2025-10-14 15:32:15.481 [main] WARN  [Tracking-ID:] [User-ID:] o.s.b.a.s.s.UserDetailsServiceAutoConfiguration - 

Using generated security password: ed3d52e7-2860-433a-a91f-739ef7cfd2c0

This generated password is for development use only. Your security configuration must be updated before running your application in production.

2025-10-14 15:32:15.490 [main] INFO  [Tracking-ID:] [User-ID:] o.s.s.c.a.a.c.InitializeUserDetailsBeanManagerConfigurer$InitializeUserDetailsManagerConfigurer - Global AuthenticationManager configured with UserDetailsService bean with name inMemoryUserDetailsManager
2025-10-14 15:32:15.724 [main] INFO  [Tracking-ID:] [User-ID:] o.a.coyote.http11.Http11NioProtocol - Starting ProtocolHandler ["http-nio-8090"]
2025-10-14 15:32:15.743 [main] INFO  [Tracking-ID:] [User-ID:] o.s.b.w.e.tomcat.TomcatWebServer - Tomcat started on port 8090 (http) with context path '/'
2025-10-14 15:32:15.763 [main] INFO  [Tracking-ID:] [User-ID:] c.e.j.d.behavioral.observer.Observer - Started Observer in 6.359 seconds (process running for 6.994)
2025-10-14 15:36:59.306 [SpringApplicationShutdownHook] INFO  [Tracking-ID:] [User-ID:] o.s.b.w.e.tomcat.GracefulShutdown - Commencing graceful shutdown. Waiting for active requests to complete
2025-10-14 15:36:59.350 [tomcat-shutdown] INFO  [Tracking-ID:] [User-ID:] o.s.b.w.e.tomcat.GracefulShutdown - Graceful shutdown complete
2025-10-14 15:36:59.393 [SpringApplicationShutdownHook] INFO  [Tracking-ID:] [User-ID:] o.s.o.j.LocalContainerEntityManagerFactoryBean - Closing JPA EntityManagerFactory for persistence unit 'default'
2025-10-14 15:36:59.401 [SpringApplicationShutdownHook] INFO  [Tracking-ID:] [User-ID:] com.zaxxer.hikari.HikariDataSource - HikariPool-1 - Shutdown initiated...
2025-10-14 15:36:59.416 [SpringApplicationShutdownHook] INFO  [Tracking-ID:] [User-ID:] com.zaxxer.hikari.HikariDataSource - HikariPool-1 - Shutdown completed.
2025-10-14 15:37:03.769 [main] INFO  [Tracking-ID:] [User-ID:] c.e.j.d.behavioral.observer.Observer - Starting Observer using Java 17.0.6 with PID 60415 (/Users/siddharth/Desktop/personal projects/javaLearning/build/classes/java/main started by siddharth in /Users/siddharth/Desktop/personal projects/javaLearning)
2025-10-14 15:37:03.777 [main] INFO  [Tracking-ID:] [User-ID:] c.e.j.d.behavioral.observer.Observer - No active profile set, falling back to 1 default profile: "default"
2025-10-14 15:37:05.215 [main] INFO  [Tracking-ID:] [User-ID:] o.s.d.r.c.RepositoryConfigurationDelegate - Bootstrapping Spring Data JPA repositories in DEFAULT mode.
2025-10-14 15:37:05.273 [main] INFO  [Tracking-ID:] [User-ID:] o.s.d.r.c.RepositoryConfigurationDelegate - Finished Spring Data repository scanning in 30 ms. Found 0 JPA repository interfaces.
2025-10-14 15:37:06.310 [main] INFO  [Tracking-ID:] [User-ID:] o.s.b.w.e.tomcat.TomcatWebServer - Tomcat initialized with port 8090 (http)
2025-10-14 15:37:06.323 [main] INFO  [Tracking-ID:] [User-ID:] o.a.coyote.http11.Http11NioProtocol - Initializing ProtocolHandler ["http-nio-8090"]
2025-10-14 15:37:06.327 [main] INFO  [Tracking-ID:] [User-ID:] o.a.catalina.core.StandardService - Starting service [Tomcat]
2025-10-14 15:37:06.328 [main] INFO  [Tracking-ID:] [User-ID:] o.a.catalina.core.StandardEngine - Starting Servlet engine: [Apache Tomcat/10.1.44]
2025-10-14 15:37:06.412 [main] INFO  [Tracking-ID:] [User-ID:] o.a.c.c.C.[Tomcat].[localhost].[/] - Initializing Spring embedded WebApplicationContext
2025-10-14 15:37:06.412 [main] INFO  [Tracking-ID:] [User-ID:] o.s.b.w.s.c.ServletWebServerApplicationContext - Root WebApplicationContext: initialization completed in 2539 ms
2025-10-14 15:37:06.751 [main] INFO  [Tracking-ID:] [User-ID:] com.zaxxer.hikari.HikariDataSource - HikariPool-1 - Starting...
2025-10-14 15:37:06.867 [main] INFO  [Tracking-ID:] [User-ID:] com.zaxxer.hikari.pool.HikariPool - HikariPool-1 - Added connection org.mariadb.jdbc.Connection@4001d8c1
2025-10-14 15:37:06.869 [main] INFO  [Tracking-ID:] [User-ID:] com.zaxxer.hikari.HikariDataSource - HikariPool-1 - Start completed.
2025-10-14 15:37:06.915 [main] INFO  [Tracking-ID:] [User-ID:] o.h.jpa.internal.util.LogHelper - HHH000204: Processing PersistenceUnitInfo [name: default]
2025-10-14 15:37:06.982 [main] INFO  [Tracking-ID:] [User-ID:] org.hibernate.Version - HHH000412: Hibernate ORM core version 6.6.26.Final
2025-10-14 15:37:07.014 [main] INFO  [Tracking-ID:] [User-ID:] o.h.c.i.RegionFactoryInitiator - HHH000026: Second-level cache disabled
2025-10-14 15:37:07.284 [main] INFO  [Tracking-ID:] [User-ID:] o.s.o.j.p.SpringPersistenceUnitInfo - No LoadTimeWeaver setup: ignoring JPA class transformer
2025-10-14 15:37:07.378 [main] INFO  [Tracking-ID:] [User-ID:] o.hibernate.orm.connections.pooling - HHH10001005: Database info:
	Database JDBC URL [Connecting through datasource 'HikariDataSource (HikariPool-1)']
	Database driver: undefined/unknown
	Database version: 12.0.2
	Autocommit mode: undefined/unknown
	Isolation level: undefined/unknown
	Minimum pool size: undefined/unknown
	Maximum pool size: undefined/unknown
2025-10-14 15:37:07.690 [main] INFO  [Tracking-ID:] [User-ID:] o.h.e.t.j.p.i.JtaPlatformInitiator - HHH000489: No JTA platform available (set 'hibernate.transaction.jta.platform' to enable JTA platform integration)
2025-10-14 15:37:07.694 [main] INFO  [Tracking-ID:] [User-ID:] o.s.o.j.LocalContainerEntityManagerFactoryBean - Initialized JPA EntityManagerFactory for persistence unit 'default'
2025-10-14 15:37:07.814 [main] WARN  [Tracking-ID:] [User-ID:] o.s.b.a.o.j.JpaBaseConfiguration$JpaWebConfiguration - spring.jpa.open-in-view is enabled by default. Therefore, database queries may be performed during view rendering. Explicitly configure spring.jpa.open-in-view to disable this warning
2025-10-14 15:37:08.588 [main] WARN  [Tracking-ID:] [User-ID:] o.s.b.a.s.s.UserDetailsServiceAutoConfiguration - 

Using generated security password: 65ef2696-6190-4009-acce-9db56f278463

This generated password is for development use only. Your security configuration must be updated before running your application in production.

2025-10-14 15:37:08.596 [main] INFO  [Tracking-ID:] [User-ID:] o.s.s.c.a.a.c.InitializeUserDetailsBeanManagerConfigurer$InitializeUserDetailsManagerConfigurer - Global AuthenticationManager configured with UserDetailsService bean with name inMemoryUserDetailsManager
2025-10-14 15:37:08.797 [main] INFO  [Tracking-ID:] [User-ID:] o.a.coyote.http11.Http11NioProtocol - Starting ProtocolHandler ["http-nio-8090"]
2025-10-14 15:37:08.820 [main] INFO  [Tracking-ID:] [User-ID:] o.s.b.w.e.tomcat.TomcatWebServer - Tomcat started on port 8090 (http) with context path '/'
2025-10-14 15:37:08.839 [main] INFO  [Tracking-ID:] [User-ID:] c.e.j.d.behavioral.observer.Observer - Started Observer in 6.237 seconds (process running for 6.894)
2025-10-14 15:41:01.287 [main] INFO  [Tracking-ID:] [User-ID:] c.e.j.d.behavioral.observer.Observer - Starting Observer using Java 17.0.6 with PID 64176 (/Users/siddharth/Desktop/personal projects/javaLearning/build/classes/java/main started by siddharth in /Users/siddharth/Desktop/personal projects/javaLearning)
2025-10-14 15:41:01.296 [main] INFO  [Tracking-ID:] [User-ID:] c.e.j.d.behavioral.observer.Observer - No active profile set, falling back to 1 default profile: "default"
2025-10-14 15:41:02.703 [main] INFO  [Tracking-ID:] [User-ID:] o.s.d.r.c.RepositoryConfigurationDelegate - Bootstrapping Spring Data JPA repositories in DEFAULT mode.
2025-10-14 15:41:02.746 [main] INFO  [Tracking-ID:] [User-ID:] o.s.d.r.c.RepositoryConfigurationDelegate - Finished Spring Data repository scanning in 25 ms. Found 0 JPA repository interfaces.
2025-10-14 15:41:03.867 [main] INFO  [Tracking-ID:] [User-ID:] o.s.b.w.e.tomcat.TomcatWebServer - Tomcat initialized with port 8090 (http)
2025-10-14 15:41:03.882 [main] INFO  [Tracking-ID:] [User-ID:] o.a.coyote.http11.Http11NioProtocol - Initializing ProtocolHandler ["http-nio-8090"]
2025-10-14 15:41:03.887 [main] INFO  [Tracking-ID:] [User-ID:] o.a.catalina.core.StandardService - Starting service [Tomcat]
2025-10-14 15:41:03.887 [main] INFO  [Tracking-ID:] [User-ID:] o.a.catalina.core.StandardEngine - Starting Servlet engine: [Apache Tomcat/10.1.44]
2025-10-14 15:41:03.980 [main] INFO  [Tracking-ID:] [User-ID:] o.a.c.c.C.[Tomcat].[localhost].[/] - Initializing Spring embedded WebApplicationContext
2025-10-14 15:41:03.980 [main] INFO  [Tracking-ID:] [User-ID:] o.s.b.w.s.c.ServletWebServerApplicationContext - Root WebApplicationContext: initialization completed in 2588 ms
2025-10-14 15:41:04.326 [main] INFO  [Tracking-ID:] [User-ID:] com.zaxxer.hikari.HikariDataSource - HikariPool-1 - Starting...
2025-10-14 15:41:04.446 [main] INFO  [Tracking-ID:] [User-ID:] com.zaxxer.hikari.pool.HikariPool - HikariPool-1 - Added connection org.mariadb.jdbc.Connection@31efacad
2025-10-14 15:41:04.447 [main] INFO  [Tracking-ID:] [User-ID:] com.zaxxer.hikari.HikariDataSource - HikariPool-1 - Start completed.
2025-10-14 15:41:04.501 [main] INFO  [Tracking-ID:] [User-ID:] o.h.jpa.internal.util.LogHelper - HHH000204: Processing PersistenceUnitInfo [name: default]
2025-10-14 15:41:04.571 [main] INFO  [Tracking-ID:] [User-ID:] org.hibernate.Version - HHH000412: Hibernate ORM core version 6.6.26.Final
2025-10-14 15:41:04.610 [main] INFO  [Tracking-ID:] [User-ID:] o.h.c.i.RegionFactoryInitiator - HHH000026: Second-level cache disabled
2025-10-14 15:41:04.892 [main] INFO  [Tracking-ID:] [User-ID:] o.s.o.j.p.SpringPersistenceUnitInfo - No LoadTimeWeaver setup: ignoring JPA class transformer
2025-10-14 15:41:04.979 [main] INFO  [Tracking-ID:] [User-ID:] o.hibernate.orm.connections.pooling - HHH10001005: Database info:
	Database JDBC URL [Connecting through datasource 'HikariDataSource (HikariPool-1)']
	Database driver: undefined/unknown
	Database version: 12.0.2
	Autocommit mode: undefined/unknown
	Isolation level: undefined/unknown
	Minimum pool size: undefined/unknown
	Maximum pool size: undefined/unknown
2025-10-14 15:41:05.305 [main] INFO  [Tracking-ID:] [User-ID:] o.h.e.t.j.p.i.JtaPlatformInitiator - HHH000489: No JTA platform available (set 'hibernate.transaction.jta.platform' to enable JTA platform integration)
2025-10-14 15:41:05.310 [main] INFO  [Tracking-ID:] [User-ID:] o.s.o.j.LocalContainerEntityManagerFactoryBean - Initialized JPA EntityManagerFactory for persistence unit 'default'
2025-10-14 15:41:07.455 [main] WARN  [Tracking-ID:] [User-ID:] o.s.b.a.o.j.JpaBaseConfiguration$JpaWebConfiguration - spring.jpa.open-in-view is enabled by default. Therefore, database queries may be performed during view rendering. Explicitly configure spring.jpa.open-in-view to disable this warning
2025-10-14 15:41:08.216 [main] WARN  [Tracking-ID:] [User-ID:] o.s.b.a.s.s.UserDetailsServiceAutoConfiguration - 

Using generated security password: 5538723c-ed56-4246-b00a-f24640faf9aa

This generated password is for development use only. Your security configuration must be updated before running your application in production.

2025-10-14 15:41:08.225 [main] INFO  [Tracking-ID:] [User-ID:] o.s.s.c.a.a.c.InitializeUserDetailsBeanManagerConfigurer$InitializeUserDetailsManagerConfigurer - Global AuthenticationManager configured with UserDetailsService bean with name inMemoryUserDetailsManager
2025-10-14 15:41:08.437 [main] INFO  [Tracking-ID:] [User-ID:] o.a.coyote.http11.Http11NioProtocol - Starting ProtocolHandler ["http-nio-8090"]
2025-10-14 15:41:08.457 [main] INFO  [Tracking-ID:] [User-ID:] o.s.b.w.e.tomcat.TomcatWebServer - Tomcat started on port 8090 (http) with context path '/'
2025-10-14 15:41:08.482 [main] INFO  [Tracking-ID:] [User-ID:] c.e.j.d.behavioral.observer.Observer - Started Observer in 8.443 seconds (process running for 9.131)
2025-10-14 15:42:50.106 [main] INFO  [Tracking-ID:] [User-ID:] c.e.j.d.behavioral.observer.Observer - Starting Observer using Java 17.0.6 with PID 66092 (/Users/siddharth/Desktop/personal projects/javaLearning/build/classes/java/main started by siddharth in /Users/siddharth/Desktop/personal projects/javaLearning)
2025-10-14 15:42:50.110 [main] INFO  [Tracking-ID:] [User-ID:] c.e.j.d.behavioral.observer.Observer - No active profile set, falling back to 1 default profile: "default"
2025-10-14 15:42:51.537 [main] INFO  [Tracking-ID:] [User-ID:] o.s.d.r.c.RepositoryConfigurationDelegate - Bootstrapping Spring Data JPA repositories in DEFAULT mode.
2025-10-14 15:42:51.580 [main] INFO  [Tracking-ID:] [User-ID:] o.s.d.r.c.RepositoryConfigurationDelegate - Finished Spring Data repository scanning in 26 ms. Found 0 JPA repository interfaces.
2025-10-14 15:42:52.651 [main] INFO  [Tracking-ID:] [User-ID:] o.s.b.w.e.tomcat.TomcatWebServer - Tomcat initialized with port 8090 (http)
2025-10-14 15:42:52.665 [main] INFO  [Tracking-ID:] [User-ID:] o.a.coyote.http11.Http11NioProtocol - Initializing ProtocolHandler ["http-nio-8090"]
2025-10-14 15:42:52.669 [main] INFO  [Tracking-ID:] [User-ID:] o.a.catalina.core.StandardService - Starting service [Tomcat]
2025-10-14 15:42:52.669 [main] INFO  [Tracking-ID:] [User-ID:] o.a.catalina.core.StandardEngine - Starting Servlet engine: [Apache Tomcat/10.1.44]
2025-10-14 15:42:52.755 [main] INFO  [Tracking-ID:] [User-ID:] o.a.c.c.C.[Tomcat].[localhost].[/] - Initializing Spring embedded WebApplicationContext
2025-10-14 15:42:52.756 [main] INFO  [Tracking-ID:] [User-ID:] o.s.b.w.s.c.ServletWebServerApplicationContext - Root WebApplicationContext: initialization completed in 2521 ms
2025-10-14 15:42:53.068 [main] INFO  [Tracking-ID:] [User-ID:] com.zaxxer.hikari.HikariDataSource - HikariPool-1 - Starting...
2025-10-14 15:42:53.179 [main] INFO  [Tracking-ID:] [User-ID:] com.zaxxer.hikari.pool.HikariPool - HikariPool-1 - Added connection org.mariadb.jdbc.Connection@2f95653f
2025-10-14 15:42:53.180 [main] INFO  [Tracking-ID:] [User-ID:] com.zaxxer.hikari.HikariDataSource - HikariPool-1 - Start completed.
2025-10-14 15:42:53.229 [main] INFO  [Tracking-ID:] [User-ID:] o.h.jpa.internal.util.LogHelper - HHH000204: Processing PersistenceUnitInfo [name: default]
2025-10-14 15:42:53.302 [main] INFO  [Tracking-ID:] [User-ID:] org.hibernate.Version - HHH000412: Hibernate ORM core version 6.6.26.Final
2025-10-14 15:42:53.353 [main] INFO  [Tracking-ID:] [User-ID:] o.h.c.i.RegionFactoryInitiator - HHH000026: Second-level cache disabled
2025-10-14 15:42:53.639 [main] INFO  [Tracking-ID:] [User-ID:] o.s.o.j.p.SpringPersistenceUnitInfo - No LoadTimeWeaver setup: ignoring JPA class transformer
2025-10-14 15:42:53.741 [main] INFO  [Tracking-ID:] [User-ID:] o.hibernate.orm.connections.pooling - HHH10001005: Database info:
	Database JDBC URL [Connecting through datasource 'HikariDataSource (HikariPool-1)']
	Database driver: undefined/unknown
	Database version: 12.0.2
	Autocommit mode: undefined/unknown
	Isolation level: undefined/unknown
	Minimum pool size: undefined/unknown
	Maximum pool size: undefined/unknown
2025-10-14 15:42:54.044 [main] INFO  [Tracking-ID:] [User-ID:] o.h.e.t.j.p.i.JtaPlatformInitiator - HHH000489: No JTA platform available (set 'hibernate.transaction.jta.platform' to enable JTA platform integration)
2025-10-14 15:42:54.049 [main] INFO  [Tracking-ID:] [User-ID:] o.s.o.j.LocalContainerEntityManagerFactoryBean - Initialized JPA EntityManagerFactory for persistence unit 'default'
2025-10-14 15:42:56.201 [main] WARN  [Tracking-ID:] [User-ID:] o.s.b.a.o.j.JpaBaseConfiguration$JpaWebConfiguration - spring.jpa.open-in-view is enabled by default. Therefore, database queries may be performed during view rendering. Explicitly configure spring.jpa.open-in-view to disable this warning
2025-10-14 15:42:56.972 [main] WARN  [Tracking-ID:] [User-ID:] o.s.b.a.s.s.UserDetailsServiceAutoConfiguration - 

Using generated security password: e539ea74-5df7-46cb-ab9d-4aa93fb1122d

This generated password is for development use only. Your security configuration must be updated before running your application in production.

2025-10-14 15:42:56.980 [main] INFO  [Tracking-ID:] [User-ID:] o.s.s.c.a.a.c.InitializeUserDetailsBeanManagerConfigurer$InitializeUserDetailsManagerConfigurer - Global AuthenticationManager configured with UserDetailsService bean with name inMemoryUserDetailsManager
2025-10-14 15:42:57.189 [main] INFO  [Tracking-ID:] [User-ID:] o.a.coyote.http11.Http11NioProtocol - Starting ProtocolHandler ["http-nio-8090"]
2025-10-14 15:42:57.208 [main] INFO  [Tracking-ID:] [User-ID:] o.s.b.w.e.tomcat.TomcatWebServer - Tomcat started on port 8090 (http) with context path '/'
2025-10-14 15:42:57.228 [main] INFO  [Tracking-ID:] [User-ID:] c.e.j.d.behavioral.observer.Observer - Started Observer in 8.252 seconds (process running for 8.889)
2025-10-14 15:43:46.884 [SpringApplicationShutdownHook] INFO  [Tracking-ID:] [User-ID:] o.s.b.w.e.tomcat.GracefulShutdown - Commencing graceful shutdown. Waiting for active requests to complete
2025-10-14 15:43:46.919 [tomcat-shutdown] INFO  [Tracking-ID:] [User-ID:] o.s.b.w.e.tomcat.GracefulShutdown - Graceful shutdown complete
2025-10-14 15:43:46.932 [SpringApplicationShutdownHook] INFO  [Tracking-ID:] [User-ID:] o.s.o.j.LocalContainerEntityManagerFactoryBean - Closing JPA EntityManagerFactory for persistence unit 'default'
2025-10-14 15:43:46.939 [SpringApplicationShutdownHook] INFO  [Tracking-ID:] [User-ID:] com.zaxxer.hikari.HikariDataSource - HikariPool-1 - Shutdown initiated...
2025-10-14 15:43:46.958 [SpringApplicationShutdownHook] INFO  [Tracking-ID:] [User-ID:] com.zaxxer.hikari.HikariDataSource - HikariPool-1 - Shutdown completed.
2025-10-14 15:43:50.901 [main] INFO  [Tracking-ID:] [User-ID:] c.e.j.d.behavioral.observer.Observer - Starting Observer using Java 17.0.6 with PID 67235 (/Users/siddharth/Desktop/personal projects/javaLearning/build/classes/java/main started by siddharth in /Users/siddharth/Desktop/personal projects/javaLearning)
2025-10-14 15:43:50.907 [main] INFO  [Tracking-ID:] [User-ID:] c.e.j.d.behavioral.observer.Observer - No active profile set, falling back to 1 default profile: "default"
2025-10-14 15:43:52.359 [main] INFO  [Tracking-ID:] [User-ID:] o.s.d.r.c.RepositoryConfigurationDelegate - Bootstrapping Spring Data JPA repositories in DEFAULT mode.
2025-10-14 15:43:52.402 [main] INFO  [Tracking-ID:] [User-ID:] o.s.d.r.c.RepositoryConfigurationDelegate - Finished Spring Data repository scanning in 25 ms. Found 0 JPA repository interfaces.
2025-10-14 15:43:53.473 [main] INFO  [Tracking-ID:] [User-ID:] o.s.b.w.e.tomcat.TomcatWebServer - Tomcat initialized with port 8090 (http)
2025-10-14 15:43:53.486 [main] INFO  [Tracking-ID:] [User-ID:] o.a.coyote.http11.Http11NioProtocol - Initializing ProtocolHandler ["http-nio-8090"]
2025-10-14 15:43:53.489 [main] INFO  [Tracking-ID:] [User-ID:] o.a.catalina.core.StandardService - Starting service [Tomcat]
2025-10-14 15:43:53.489 [main] INFO  [Tracking-ID:] [User-ID:] o.a.catalina.core.StandardEngine - Starting Servlet engine: [Apache Tomcat/10.1.44]
2025-10-14 15:43:53.568 [main] INFO  [Tracking-ID:] [User-ID:] o.a.c.c.C.[Tomcat].[localhost].[/] - Initializing Spring embedded WebApplicationContext
2025-10-14 15:43:53.569 [main] INFO  [Tracking-ID:] [User-ID:] o.s.b.w.s.c.ServletWebServerApplicationContext - Root WebApplicationContext: initialization completed in 2520 ms
2025-10-14 15:43:53.852 [main] INFO  [Tracking-ID:] [User-ID:] com.zaxxer.hikari.HikariDataSource - HikariPool-1 - Starting...
2025-10-14 15:43:53.969 [main] INFO  [Tracking-ID:] [User-ID:] com.zaxxer.hikari.pool.HikariPool - HikariPool-1 - Added connection org.mariadb.jdbc.Connection@f723cdb
2025-10-14 15:43:53.971 [main] INFO  [Tracking-ID:] [User-ID:] com.zaxxer.hikari.HikariDataSource - HikariPool-1 - Start completed.
2025-10-14 15:43:54.025 [main] INFO  [Tracking-ID:] [User-ID:] o.h.jpa.internal.util.LogHelper - HHH000204: Processing PersistenceUnitInfo [name: default]
2025-10-14 15:43:54.109 [main] INFO  [Tracking-ID:] [User-ID:] org.hibernate.Version - HHH000412: Hibernate ORM core version 6.6.26.Final
2025-10-14 15:43:54.155 [main] INFO  [Tracking-ID:] [User-ID:] o.h.c.i.RegionFactoryInitiator - HHH000026: Second-level cache disabled
2025-10-14 15:43:54.480 [main] INFO  [Tracking-ID:] [User-ID:] o.s.o.j.p.SpringPersistenceUnitInfo - No LoadTimeWeaver setup: ignoring JPA class transformer
2025-10-14 15:43:54.586 [main] INFO  [Tracking-ID:] [User-ID:] o.hibernate.orm.connections.pooling - HHH10001005: Database info:
	Database JDBC URL [Connecting through datasource 'HikariDataSource (HikariPool-1)']
	Database driver: undefined/unknown
	Database version: 12.0.2
	Autocommit mode: undefined/unknown
	Isolation level: undefined/unknown
	Minimum pool size: undefined/unknown
	Maximum pool size: undefined/unknown
2025-10-14 15:43:54.907 [main] INFO  [Tracking-ID:] [User-ID:] o.h.e.t.j.p.i.JtaPlatformInitiator - HHH000489: No JTA platform available (set 'hibernate.transaction.jta.platform' to enable JTA platform integration)
2025-10-14 15:43:54.912 [main] INFO  [Tracking-ID:] [User-ID:] o.s.o.j.LocalContainerEntityManagerFactoryBean - Initialized JPA EntityManagerFactory for persistence unit 'default'
2025-10-14 15:44:05.057 [main] WARN  [Tracking-ID:] [User-ID:] o.s.b.a.o.j.JpaBaseConfiguration$JpaWebConfiguration - spring.jpa.open-in-view is enabled by default. Therefore, database queries may be performed during view rendering. Explicitly configure spring.jpa.open-in-view to disable this warning
2025-10-14 15:44:05.808 [main] WARN  [Tracking-ID:] [User-ID:] o.s.b.a.s.s.UserDetailsServiceAutoConfiguration - 

Using generated security password: f68f4a9d-6e66-4a58-8523-75a275153875

This generated password is for development use only. Your security configuration must be updated before running your application in production.

2025-10-14 15:44:05.816 [main] INFO  [Tracking-ID:] [User-ID:] o.s.s.c.a.a.c.InitializeUserDetailsBeanManagerConfigurer$InitializeUserDetailsManagerConfigurer - Global AuthenticationManager configured with UserDetailsService bean with name inMemoryUserDetailsManager
2025-10-14 15:44:06.042 [main] INFO  [Tracking-ID:] [User-ID:] o.a.coyote.http11.Http11NioProtocol - Starting ProtocolHandler ["http-nio-8090"]
2025-10-14 15:44:06.070 [main] INFO  [Tracking-ID:] [User-ID:] o.s.b.w.e.tomcat.TomcatWebServer - Tomcat started on port 8090 (http) with context path '/'
2025-10-14 15:44:06.093 [main] INFO  [Tracking-ID:] [User-ID:] c.e.j.d.behavioral.observer.Observer - Started Observer in 16.372 seconds (process running for 17.041)
2025-10-14 15:47:40.060 [HikariPool-1:housekeeper] WARN  [Tracking-ID:] [User-ID:] com.zaxxer.hikari.pool.HikariPool - HikariPool-1 - Thread starvation or clock leap detected (housekeeper delta=45s953ms).
2025-10-14 15:53:19.340 [HikariPool-1:housekeeper] WARN  [Tracking-ID:] [User-ID:] com.zaxxer.hikari.pool.HikariPool - HikariPool-1 - Thread starvation or clock leap detected (housekeeper delta=2m39s242ms).
