2025-10-10 08:37:45.740 [main] INFO  [Tracking-ID:] [User-ID:] c.e.j.JavaLearningApplication - Starting JavaLearningApplication using Java 17.0.6 with PID 35950 (/Users/siddharth/Desktop/personal projects/javaLearning/build/classes/java/main started by siddharth in /Users/siddharth/Desktop/personal projects/javaLearning)
2025-10-10 08:37:45.745 [main] INFO  [Tracking-ID:] [User-ID:] c.e.j.JavaLearningApplication - No active profile set, falling back to 1 default profile: "default"
2025-10-10 08:37:47.286 [main] INFO  [Tracking-ID:] [User-ID:] o.s.d.r.c.RepositoryConfigurationDelegate - Bootstrapping Spring Data JPA repositories in DEFAULT mode.
2025-10-10 08:37:47.383 [main] INFO  [Tracking-ID:] [User-ID:] o.s.d.r.c.RepositoryConfigurationDelegate - Finished Spring Data repository scanning in 76 ms. Found 0 JPA repository interfaces.
2025-10-10 08:37:48.473 [main] INFO  [Tracking-ID:] [User-ID:] o.s.b.w.e.tomcat.TomcatWebServer - Tomcat initialized with port 8090 (http)
2025-10-10 08:37:48.485 [main] INFO  [Tracking-ID:] [User-ID:] o.a.coyote.http11.Http11NioProtocol - Initializing ProtocolHandler ["http-nio-8090"]
2025-10-10 08:37:48.488 [main] INFO  [Tracking-ID:] [User-ID:] o.a.catalina.core.StandardService - Starting service [Tomcat]
2025-10-10 08:37:48.489 [main] INFO  [Tracking-ID:] [User-ID:] o.a.catalina.core.StandardEngine - Starting Servlet engine: [Apache Tomcat/10.1.44]
2025-10-10 08:37:48.579 [main] INFO  [Tracking-ID:] [User-ID:] o.a.c.c.C.[Tomcat].[localhost].[/] - Initializing Spring embedded WebApplicationContext
2025-10-10 08:37:48.580 [main] INFO  [Tracking-ID:] [User-ID:] o.s.b.w.s.c.ServletWebServerApplicationContext - Root WebApplicationContext: initialization completed in 2734 ms
2025-10-10 08:37:48.933 [main] INFO  [Tracking-ID:] [User-ID:] com.zaxxer.hikari.HikariDataSource - HikariPool-1 - Starting...
2025-10-10 08:37:49.041 [main] INFO  [Tracking-ID:] [User-ID:] com.zaxxer.hikari.pool.HikariPool - HikariPool-1 - Added connection org.mariadb.jdbc.Connection@7ca492d9
2025-10-10 08:37:49.043 [main] INFO  [Tracking-ID:] [User-ID:] com.zaxxer.hikari.HikariDataSource - HikariPool-1 - Start completed.
2025-10-10 08:37:49.110 [main] INFO  [Tracking-ID:] [User-ID:] o.h.jpa.internal.util.LogHelper - HHH000204: Processing PersistenceUnitInfo [name: default]
2025-10-10 08:37:49.167 [main] INFO  [Tracking-ID:] [User-ID:] org.hibernate.Version - HHH000412: Hibernate ORM core version 6.6.26.Final
2025-10-10 08:37:49.201 [main] INFO  [Tracking-ID:] [User-ID:] o.h.c.i.RegionFactoryInitiator - HHH000026: Second-level cache disabled
2025-10-10 08:37:49.530 [main] INFO  [Tracking-ID:] [User-ID:] o.s.o.j.p.SpringPersistenceUnitInfo - No LoadTimeWeaver setup: ignoring JPA class transformer
2025-10-10 08:37:49.610 [main] INFO  [Tracking-ID:] [User-ID:] o.hibernate.orm.connections.pooling - HHH10001005: Database info:
	Database JDBC URL [Connecting through datasource 'HikariDataSource (HikariPool-1)']
	Database driver: undefined/unknown
	Database version: 12.0.2
	Autocommit mode: undefined/unknown
	Isolation level: undefined/unknown
	Minimum pool size: undefined/unknown
	Maximum pool size: undefined/unknown
2025-10-10 08:37:49.930 [main] INFO  [Tracking-ID:] [User-ID:] o.h.e.t.j.p.i.JtaPlatformInitiator - HHH000489: No JTA platform available (set 'hibernate.transaction.jta.platform' to enable JTA platform integration)
2025-10-10 08:37:49.935 [main] INFO  [Tracking-ID:] [User-ID:] o.s.o.j.LocalContainerEntityManagerFactoryBean - Initialized JPA EntityManagerFactory for persistence unit 'default'
2025-10-10 08:37:50.069 [main] WARN  [Tracking-ID:] [User-ID:] o.s.b.a.o.j.JpaBaseConfiguration$JpaWebConfiguration - spring.jpa.open-in-view is enabled by default. Therefore, database queries may be performed during view rendering. Explicitly configure spring.jpa.open-in-view to disable this warning
2025-10-10 08:37:50.117 [main] INFO  [Tracking-ID:] [User-ID:] c.e.j.l.s.InterceptorConfigurer - InterceptorConfigurer: Request came to the web mvc interceptor, adding custom interceptor
2025-10-10 08:37:50.827 [main] WARN  [Tracking-ID:] [User-ID:] o.s.b.a.s.s.UserDetailsServiceAutoConfiguration - 

Using generated security password: a64e2c7b-0019-47fb-9378-0d35269bdcfb

This generated password is for development use only. Your security configuration must be updated before running your application in production.

2025-10-10 08:37:50.834 [main] INFO  [Tracking-ID:] [User-ID:] o.s.s.c.a.a.c.InitializeUserDetailsBeanManagerConfigurer$InitializeUserDetailsManagerConfigurer - Global AuthenticationManager configured with UserDetailsService bean with name inMemoryUserDetailsManager
2025-10-10 08:37:51.051 [main] INFO  [Tracking-ID:] [User-ID:] o.a.coyote.http11.Http11NioProtocol - Starting ProtocolHandler ["http-nio-8090"]
2025-10-10 08:37:51.074 [main] INFO  [Tracking-ID:] [User-ID:] o.s.b.w.e.tomcat.TomcatWebServer - Tomcat started on port 8090 (http) with context path '/'
2025-10-10 08:37:51.096 [main] INFO  [Tracking-ID:] [User-ID:] c.e.j.JavaLearningApplication - Started JavaLearningApplication in 6.436 seconds (process running for 7.073)
2025-10-10 08:37:59.390 [http-nio-8090-exec-1] INFO  [Tracking-ID:] [User-ID:] o.a.c.c.C.[Tomcat].[localhost].[/] - Initializing Spring DispatcherServlet 'dispatcherServlet'
2025-10-10 08:37:59.392 [http-nio-8090-exec-1] INFO  [Tracking-ID:] [User-ID:] o.s.web.servlet.DispatcherServlet - Initializing Servlet 'dispatcherServlet'
2025-10-10 08:37:59.403 [http-nio-8090-exec-1] INFO  [Tracking-ID:] [User-ID:] o.s.web.servlet.DispatcherServlet - Completed initialization in 11 ms
2025-10-10 08:37:59.708 [http-nio-8090-exec-1] INFO  [Tracking-ID:] [User-ID:] c.e.j.l.s.Interceptor - Interceptor: Request came to interceptor for appending userId and trackingId in the log
2025-10-10 08:37:59.772 [http-nio-8090-exec-1] INFO  [Tracking-ID:3fb9c329-b416-40d6-8e12-aa137ca8cb6f] [User-ID:1L] c.e.j.c.corsOriginResourceSharingController - corsOriginResourceSharingController: Request came to the controller
2025-10-10 08:37:59.815 [http-nio-8090-exec-1] INFO  [Tracking-ID:3fb9c329-b416-40d6-8e12-aa137ca8cb6f] [User-ID:1L] c.e.j.l.s.Interceptor - Interceptor: Removing values from MDC
2025-10-10 08:41:15.572 [SpringApplicationShutdownHook] INFO  [Tracking-ID:] [User-ID:] o.s.b.w.e.tomcat.GracefulShutdown - Commencing graceful shutdown. Waiting for active requests to complete
2025-10-10 08:41:15.587 [tomcat-shutdown] INFO  [Tracking-ID:] [User-ID:] o.s.b.w.e.tomcat.GracefulShutdown - Graceful shutdown complete
2025-10-10 08:41:15.604 [SpringApplicationShutdownHook] INFO  [Tracking-ID:] [User-ID:] o.s.o.j.LocalContainerEntityManagerFactoryBean - Closing JPA EntityManagerFactory for persistence unit 'default'
2025-10-10 08:41:15.610 [SpringApplicationShutdownHook] INFO  [Tracking-ID:] [User-ID:] com.zaxxer.hikari.HikariDataSource - HikariPool-1 - Shutdown initiated...
2025-10-10 08:41:15.624 [SpringApplicationShutdownHook] INFO  [Tracking-ID:] [User-ID:] com.zaxxer.hikari.HikariDataSource - HikariPool-1 - Shutdown completed.
2025-10-10 08:52:32.807 [main] INFO  [Tracking-ID:] [User-ID:] c.e.j.JavaLearningApplication - Starting JavaLearningApplication using Java 17.0.6 with PID 52362 (/Users/siddharth/Desktop/personal projects/javaLearning/build/classes/java/main started by siddharth in /Users/siddharth/Desktop/personal projects/javaLearning)
2025-10-10 08:52:32.811 [main] INFO  [Tracking-ID:] [User-ID:] c.e.j.JavaLearningApplication - No active profile set, falling back to 1 default profile: "default"
2025-10-10 08:52:34.332 [main] INFO  [Tracking-ID:] [User-ID:] o.s.d.r.c.RepositoryConfigurationDelegate - Bootstrapping Spring Data JPA repositories in DEFAULT mode.
2025-10-10 08:52:34.417 [main] INFO  [Tracking-ID:] [User-ID:] o.s.d.r.c.RepositoryConfigurationDelegate - Finished Spring Data repository scanning in 68 ms. Found 0 JPA repository interfaces.
2025-10-10 08:52:35.577 [main] INFO  [Tracking-ID:] [User-ID:] o.s.b.w.e.tomcat.TomcatWebServer - Tomcat initialized with port 8090 (http)
2025-10-10 08:52:35.593 [main] INFO  [Tracking-ID:] [User-ID:] o.a.coyote.http11.Http11NioProtocol - Initializing ProtocolHandler ["http-nio-8090"]
2025-10-10 08:52:35.597 [main] INFO  [Tracking-ID:] [User-ID:] o.a.catalina.core.StandardService - Starting service [Tomcat]
2025-10-10 08:52:35.597 [main] INFO  [Tracking-ID:] [User-ID:] o.a.catalina.core.StandardEngine - Starting Servlet engine: [Apache Tomcat/10.1.44]
2025-10-10 08:52:35.702 [main] INFO  [Tracking-ID:] [User-ID:] o.a.c.c.C.[Tomcat].[localhost].[/] - Initializing Spring embedded WebApplicationContext
2025-10-10 08:52:35.702 [main] INFO  [Tracking-ID:] [User-ID:] o.s.b.w.s.c.ServletWebServerApplicationContext - Root WebApplicationContext: initialization completed in 2821 ms
2025-10-10 08:52:36.039 [main] INFO  [Tracking-ID:] [User-ID:] com.zaxxer.hikari.HikariDataSource - HikariPool-1 - Starting...
2025-10-10 08:52:36.193 [main] INFO  [Tracking-ID:] [User-ID:] com.zaxxer.hikari.pool.HikariPool - HikariPool-1 - Added connection org.mariadb.jdbc.Connection@790d8fdd
2025-10-10 08:52:36.195 [main] INFO  [Tracking-ID:] [User-ID:] com.zaxxer.hikari.HikariDataSource - HikariPool-1 - Start completed.
2025-10-10 08:52:36.249 [main] INFO  [Tracking-ID:] [User-ID:] o.h.jpa.internal.util.LogHelper - HHH000204: Processing PersistenceUnitInfo [name: default]
2025-10-10 08:52:36.323 [main] INFO  [Tracking-ID:] [User-ID:] org.hibernate.Version - HHH000412: Hibernate ORM core version 6.6.26.Final
2025-10-10 08:52:36.365 [main] INFO  [Tracking-ID:] [User-ID:] o.h.c.i.RegionFactoryInitiator - HHH000026: Second-level cache disabled
2025-10-10 08:52:36.672 [main] INFO  [Tracking-ID:] [User-ID:] o.s.o.j.p.SpringPersistenceUnitInfo - No LoadTimeWeaver setup: ignoring JPA class transformer
2025-10-10 08:52:36.766 [main] INFO  [Tracking-ID:] [User-ID:] o.hibernate.orm.connections.pooling - HHH10001005: Database info:
	Database JDBC URL [Connecting through datasource 'HikariDataSource (HikariPool-1)']
	Database driver: undefined/unknown
	Database version: 12.0.2
	Autocommit mode: undefined/unknown
	Isolation level: undefined/unknown
	Minimum pool size: undefined/unknown
	Maximum pool size: undefined/unknown
2025-10-10 08:52:37.067 [main] INFO  [Tracking-ID:] [User-ID:] o.h.e.t.j.p.i.JtaPlatformInitiator - HHH000489: No JTA platform available (set 'hibernate.transaction.jta.platform' to enable JTA platform integration)
2025-10-10 08:52:37.071 [main] INFO  [Tracking-ID:] [User-ID:] o.s.o.j.LocalContainerEntityManagerFactoryBean - Initialized JPA EntityManagerFactory for persistence unit 'default'
2025-10-10 08:52:37.189 [main] WARN  [Tracking-ID:] [User-ID:] o.s.b.a.o.j.JpaBaseConfiguration$JpaWebConfiguration - spring.jpa.open-in-view is enabled by default. Therefore, database queries may be performed during view rendering. Explicitly configure spring.jpa.open-in-view to disable this warning
2025-10-10 08:52:37.251 [main] INFO  [Tracking-ID:] [User-ID:] c.e.j.l.s.InterceptorConfigurer - InterceptorConfigurer: Request came to the web mvc interceptor, adding custom interceptor
2025-10-10 08:52:38.174 [main] WARN  [Tracking-ID:] [User-ID:] o.s.b.a.s.s.UserDetailsServiceAutoConfiguration - 

Using generated security password: 951a7e22-1dff-48d0-be4a-9398c47398df

This generated password is for development use only. Your security configuration must be updated before running your application in production.

2025-10-10 08:52:38.195 [main] INFO  [Tracking-ID:] [User-ID:] o.s.s.c.a.a.c.InitializeUserDetailsBeanManagerConfigurer$InitializeUserDetailsManagerConfigurer - Global AuthenticationManager configured with UserDetailsService bean with name inMemoryUserDetailsManager
2025-10-10 08:52:38.593 [main] INFO  [Tracking-ID:] [User-ID:] o.a.coyote.http11.Http11NioProtocol - Starting ProtocolHandler ["http-nio-8090"]
2025-10-10 08:52:38.616 [main] INFO  [Tracking-ID:] [User-ID:] o.s.b.w.e.tomcat.TomcatWebServer - Tomcat started on port 8090 (http) with context path '/'
2025-10-10 08:52:38.634 [main] INFO  [Tracking-ID:] [User-ID:] c.e.j.JavaLearningApplication - Started JavaLearningApplication in 6.972 seconds (process running for 7.718)
2025-10-10 08:52:46.975 [http-nio-8090-exec-1] INFO  [Tracking-ID:] [User-ID:] o.a.c.c.C.[Tomcat].[localhost].[/] - Initializing Spring DispatcherServlet 'dispatcherServlet'
2025-10-10 08:52:46.976 [http-nio-8090-exec-1] INFO  [Tracking-ID:] [User-ID:] o.s.web.servlet.DispatcherServlet - Initializing Servlet 'dispatcherServlet'
2025-10-10 08:52:46.981 [http-nio-8090-exec-1] INFO  [Tracking-ID:] [User-ID:] o.s.web.servlet.DispatcherServlet - Completed initialization in 4 ms
2025-10-10 10:32:49.617 [HikariPool-1:housekeeper] WARN  [Tracking-ID:] [User-ID:] com.zaxxer.hikari.pool.HikariPool - HikariPool-1 - Thread starvation or clock leap detected (housekeeper delta=1h5m42s981ms).
2025-10-10 11:02:05.692 [SpringApplicationShutdownHook] INFO  [Tracking-ID:] [User-ID:] o.s.b.w.e.tomcat.GracefulShutdown - Commencing graceful shutdown. Waiting for active requests to complete
2025-10-10 11:02:05.712 [tomcat-shutdown] INFO  [Tracking-ID:] [User-ID:] o.s.b.w.e.tomcat.GracefulShutdown - Graceful shutdown complete
2025-10-10 11:02:05.728 [SpringApplicationShutdownHook] INFO  [Tracking-ID:] [User-ID:] o.s.o.j.LocalContainerEntityManagerFactoryBean - Closing JPA EntityManagerFactory for persistence unit 'default'
2025-10-10 11:02:05.734 [SpringApplicationShutdownHook] INFO  [Tracking-ID:] [User-ID:] com.zaxxer.hikari.HikariDataSource - HikariPool-1 - Shutdown initiated...
2025-10-10 11:02:05.744 [SpringApplicationShutdownHook] INFO  [Tracking-ID:] [User-ID:] com.zaxxer.hikari.HikariDataSource - HikariPool-1 - Shutdown completed.
2025-10-10 11:10:43.299 [main] INFO  [Tracking-ID:] [User-ID:] c.e.j.JavaLearningApplication - Starting JavaLearningApplication using Java 17.0.6 with PID 28768 (/Users/siddharth/Desktop/personal projects/javaLearning/build/classes/java/main started by siddharth in /Users/siddharth/Desktop/personal projects/javaLearning)
2025-10-10 11:10:43.304 [main] INFO  [Tracking-ID:] [User-ID:] c.e.j.JavaLearningApplication - No active profile set, falling back to 1 default profile: "default"
2025-10-10 11:10:44.923 [main] INFO  [Tracking-ID:] [User-ID:] o.s.d.r.c.RepositoryConfigurationDelegate - Bootstrapping Spring Data JPA repositories in DEFAULT mode.
2025-10-10 11:10:45.019 [main] INFO  [Tracking-ID:] [User-ID:] o.s.d.r.c.RepositoryConfigurationDelegate - Finished Spring Data repository scanning in 75 ms. Found 0 JPA repository interfaces.
2025-10-10 11:10:46.139 [main] INFO  [Tracking-ID:] [User-ID:] o.s.b.w.e.tomcat.TomcatWebServer - Tomcat initialized with port 8090 (http)
2025-10-10 11:10:46.152 [main] INFO  [Tracking-ID:] [User-ID:] o.a.coyote.http11.Http11NioProtocol - Initializing ProtocolHandler ["http-nio-8090"]
2025-10-10 11:10:46.155 [main] INFO  [Tracking-ID:] [User-ID:] o.a.catalina.core.StandardService - Starting service [Tomcat]
2025-10-10 11:10:46.155 [main] INFO  [Tracking-ID:] [User-ID:] o.a.catalina.core.StandardEngine - Starting Servlet engine: [Apache Tomcat/10.1.44]
2025-10-10 11:10:46.251 [main] INFO  [Tracking-ID:] [User-ID:] o.a.c.c.C.[Tomcat].[localhost].[/] - Initializing Spring embedded WebApplicationContext
2025-10-10 11:10:46.251 [main] INFO  [Tracking-ID:] [User-ID:] o.s.b.w.s.c.ServletWebServerApplicationContext - Root WebApplicationContext: initialization completed in 2819 ms
2025-10-10 11:10:46.622 [main] INFO  [Tracking-ID:] [User-ID:] com.zaxxer.hikari.HikariDataSource - HikariPool-1 - Starting...
2025-10-10 11:10:46.739 [main] INFO  [Tracking-ID:] [User-ID:] com.zaxxer.hikari.pool.HikariPool - HikariPool-1 - Added connection org.mariadb.jdbc.Connection@1a531422
2025-10-10 11:10:46.741 [main] INFO  [Tracking-ID:] [User-ID:] com.zaxxer.hikari.HikariDataSource - HikariPool-1 - Start completed.
2025-10-10 11:10:46.800 [main] INFO  [Tracking-ID:] [User-ID:] o.h.jpa.internal.util.LogHelper - HHH000204: Processing PersistenceUnitInfo [name: default]
2025-10-10 11:10:46.858 [main] INFO  [Tracking-ID:] [User-ID:] org.hibernate.Version - HHH000412: Hibernate ORM core version 6.6.26.Final
2025-10-10 11:10:46.903 [main] INFO  [Tracking-ID:] [User-ID:] o.h.c.i.RegionFactoryInitiator - HHH000026: Second-level cache disabled
2025-10-10 11:10:47.209 [main] INFO  [Tracking-ID:] [User-ID:] o.s.o.j.p.SpringPersistenceUnitInfo - No LoadTimeWeaver setup: ignoring JPA class transformer
2025-10-10 11:10:47.322 [main] INFO  [Tracking-ID:] [User-ID:] o.hibernate.orm.connections.pooling - HHH10001005: Database info:
	Database JDBC URL [Connecting through datasource 'HikariDataSource (HikariPool-1)']
	Database driver: undefined/unknown
	Database version: 12.0.2
	Autocommit mode: undefined/unknown
	Isolation level: undefined/unknown
	Minimum pool size: undefined/unknown
	Maximum pool size: undefined/unknown
2025-10-10 11:10:47.651 [main] INFO  [Tracking-ID:] [User-ID:] o.h.e.t.j.p.i.JtaPlatformInitiator - HHH000489: No JTA platform available (set 'hibernate.transaction.jta.platform' to enable JTA platform integration)
2025-10-10 11:10:47.656 [main] INFO  [Tracking-ID:] [User-ID:] o.s.o.j.LocalContainerEntityManagerFactoryBean - Initialized JPA EntityManagerFactory for persistence unit 'default'
2025-10-10 11:10:47.782 [main] WARN  [Tracking-ID:] [User-ID:] o.s.b.a.o.j.JpaBaseConfiguration$JpaWebConfiguration - spring.jpa.open-in-view is enabled by default. Therefore, database queries may be performed during view rendering. Explicitly configure spring.jpa.open-in-view to disable this warning
2025-10-10 11:10:47.837 [main] INFO  [Tracking-ID:] [User-ID:] c.e.j.s.s.InterceptorConfigurer - InterceptorConfigurer: Request came to the web mvc interceptor, adding custom interceptor
2025-10-10 11:10:48.555 [main] WARN  [Tracking-ID:] [User-ID:] o.s.b.a.s.s.UserDetailsServiceAutoConfiguration - 

Using generated security password: 39694323-1193-48a0-85f7-d5772c009c78

This generated password is for development use only. Your security configuration must be updated before running your application in production.

2025-10-10 11:10:48.564 [main] INFO  [Tracking-ID:] [User-ID:] o.s.s.c.a.a.c.InitializeUserDetailsBeanManagerConfigurer$InitializeUserDetailsManagerConfigurer - Global AuthenticationManager configured with UserDetailsService bean with name inMemoryUserDetailsManager
2025-10-10 11:10:48.785 [main] INFO  [Tracking-ID:] [User-ID:] o.a.coyote.http11.Http11NioProtocol - Starting ProtocolHandler ["http-nio-8090"]
2025-10-10 11:10:48.803 [main] INFO  [Tracking-ID:] [User-ID:] o.s.b.w.e.tomcat.TomcatWebServer - Tomcat started on port 8090 (http) with context path '/'
2025-10-10 11:10:48.822 [main] INFO  [Tracking-ID:] [User-ID:] c.e.j.JavaLearningApplication - Started JavaLearningApplication in 6.773 seconds (process running for 7.639)
2025-10-10 11:10:59.506 [http-nio-8090-exec-1] INFO  [Tracking-ID:] [User-ID:] o.a.c.c.C.[Tomcat].[localhost].[/] - Initializing Spring DispatcherServlet 'dispatcherServlet'
2025-10-10 11:10:59.507 [http-nio-8090-exec-1] INFO  [Tracking-ID:] [User-ID:] o.s.web.servlet.DispatcherServlet - Initializing Servlet 'dispatcherServlet'
2025-10-10 11:10:59.513 [http-nio-8090-exec-1] INFO  [Tracking-ID:] [User-ID:] o.s.web.servlet.DispatcherServlet - Completed initialization in 4 ms
2025-10-10 11:11:07.721 [http-nio-8090-exec-1] INFO  [Tracking-ID:] [User-ID:] c.e.j.s.s.Interceptor - Interceptor: Request came to interceptor for appending userId and trackingId in the log
2025-10-10 11:11:11.165 [http-nio-8090-exec-1] INFO  [Tracking-ID:b333ae85-ca2e-4ce3-a15a-1bb93ba6fff9] [User-ID:1L] c.e.j.c.corsOriginResourceSharingController - corsOriginResourceSharingController: Request came to the controller
2025-10-10 11:11:49.367 [http-nio-8090-exec-1] INFO  [Tracking-ID:b333ae85-ca2e-4ce3-a15a-1bb93ba6fff9] [User-ID:1L] c.e.j.s.s.Interceptor - something..
2025-10-10 11:11:49.370 [HikariPool-1:housekeeper] WARN  [Tracking-ID:] [User-ID:] com.zaxxer.hikari.pool.HikariPool - HikariPool-1 - Thread starvation or clock leap detected (housekeeper delta=1m2s522ms).
2025-10-10 11:11:50.431 [http-nio-8090-exec-1] INFO  [Tracking-ID:b333ae85-ca2e-4ce3-a15a-1bb93ba6fff9] [User-ID:1L] c.e.j.s.s.Interceptor - Interceptor: Removing values from MDC
2025-10-10 11:28:47.415 [main] INFO  [Tracking-ID:] [User-ID:] c.e.j.JavaLearningApplication - Starting JavaLearningApplication using Java 17.0.6 with PID 46743 (/Users/siddharth/Desktop/personal projects/javaLearning/build/classes/java/main started by siddharth in /Users/siddharth/Desktop/personal projects/javaLearning)
2025-10-10 11:28:47.420 [main] INFO  [Tracking-ID:] [User-ID:] c.e.j.JavaLearningApplication - No active profile set, falling back to 1 default profile: "default"
2025-10-10 11:28:49.071 [main] INFO  [Tracking-ID:] [User-ID:] o.s.d.r.c.RepositoryConfigurationDelegate - Bootstrapping Spring Data JPA repositories in DEFAULT mode.
2025-10-10 11:28:49.170 [main] INFO  [Tracking-ID:] [User-ID:] o.s.d.r.c.RepositoryConfigurationDelegate - Finished Spring Data repository scanning in 78 ms. Found 0 JPA repository interfaces.
2025-10-10 11:28:50.263 [main] INFO  [Tracking-ID:] [User-ID:] o.s.b.w.e.tomcat.TomcatWebServer - Tomcat initialized with port 8090 (http)
2025-10-10 11:28:50.274 [main] INFO  [Tracking-ID:] [User-ID:] o.a.coyote.http11.Http11NioProtocol - Initializing ProtocolHandler ["http-nio-8090"]
2025-10-10 11:28:50.278 [main] INFO  [Tracking-ID:] [User-ID:] o.a.catalina.core.StandardService - Starting service [Tomcat]
2025-10-10 11:28:50.278 [main] INFO  [Tracking-ID:] [User-ID:] o.a.catalina.core.StandardEngine - Starting Servlet engine: [Apache Tomcat/10.1.44]
2025-10-10 11:28:50.378 [main] INFO  [Tracking-ID:] [User-ID:] o.a.c.c.C.[Tomcat].[localhost].[/] - Initializing Spring embedded WebApplicationContext
2025-10-10 11:28:50.379 [main] INFO  [Tracking-ID:] [User-ID:] o.s.b.w.s.c.ServletWebServerApplicationContext - Root WebApplicationContext: initialization completed in 2874 ms
2025-10-10 11:28:50.713 [main] INFO  [Tracking-ID:] [User-ID:] com.zaxxer.hikari.HikariDataSource - HikariPool-1 - Starting...
2025-10-10 11:28:50.832 [main] INFO  [Tracking-ID:] [User-ID:] com.zaxxer.hikari.pool.HikariPool - HikariPool-1 - Added connection org.mariadb.jdbc.Connection@3dbd7107
2025-10-10 11:28:50.834 [main] INFO  [Tracking-ID:] [User-ID:] com.zaxxer.hikari.HikariDataSource - HikariPool-1 - Start completed.
2025-10-10 11:28:50.894 [main] INFO  [Tracking-ID:] [User-ID:] o.h.jpa.internal.util.LogHelper - HHH000204: Processing PersistenceUnitInfo [name: default]
2025-10-10 11:28:50.952 [main] INFO  [Tracking-ID:] [User-ID:] org.hibernate.Version - HHH000412: Hibernate ORM core version 6.6.26.Final
2025-10-10 11:28:50.983 [main] INFO  [Tracking-ID:] [User-ID:] o.h.c.i.RegionFactoryInitiator - HHH000026: Second-level cache disabled
2025-10-10 11:28:51.324 [main] INFO  [Tracking-ID:] [User-ID:] o.s.o.j.p.SpringPersistenceUnitInfo - No LoadTimeWeaver setup: ignoring JPA class transformer
2025-10-10 11:28:51.433 [main] INFO  [Tracking-ID:] [User-ID:] o.hibernate.orm.connections.pooling - HHH10001005: Database info:
	Database JDBC URL [Connecting through datasource 'HikariDataSource (HikariPool-1)']
	Database driver: undefined/unknown
	Database version: 12.0.2
	Autocommit mode: undefined/unknown
	Isolation level: undefined/unknown
	Minimum pool size: undefined/unknown
	Maximum pool size: undefined/unknown
2025-10-10 11:28:51.751 [main] INFO  [Tracking-ID:] [User-ID:] o.h.e.t.j.p.i.JtaPlatformInitiator - HHH000489: No JTA platform available (set 'hibernate.transaction.jta.platform' to enable JTA platform integration)
2025-10-10 11:28:51.756 [main] INFO  [Tracking-ID:] [User-ID:] o.s.o.j.LocalContainerEntityManagerFactoryBean - Initialized JPA EntityManagerFactory for persistence unit 'default'
2025-10-10 11:28:51.890 [main] WARN  [Tracking-ID:] [User-ID:] o.s.b.a.o.j.JpaBaseConfiguration$JpaWebConfiguration - spring.jpa.open-in-view is enabled by default. Therefore, database queries may be performed during view rendering. Explicitly configure spring.jpa.open-in-view to disable this warning
2025-10-10 11:28:51.942 [main] INFO  [Tracking-ID:] [User-ID:] c.e.j.s.s.InterceptorConfigurer - InterceptorConfigurer: Request came to the web mvc interceptor, adding custom interceptor
2025-10-10 11:28:52.874 [main] WARN  [Tracking-ID:] [User-ID:] o.s.b.a.s.s.UserDetailsServiceAutoConfiguration - 

Using generated security password: f737c2f0-b4f3-4b15-bcfd-d513aea9d18c

This generated password is for development use only. Your security configuration must be updated before running your application in production.

2025-10-10 11:28:52.893 [main] INFO  [Tracking-ID:] [User-ID:] o.s.s.c.a.a.c.InitializeUserDetailsBeanManagerConfigurer$InitializeUserDetailsManagerConfigurer - Global AuthenticationManager configured with UserDetailsService bean with name inMemoryUserDetailsManager
2025-10-10 11:28:53.274 [main] INFO  [Tracking-ID:] [User-ID:] o.a.coyote.http11.Http11NioProtocol - Starting ProtocolHandler ["http-nio-8090"]
2025-10-10 11:28:53.299 [main] INFO  [Tracking-ID:] [User-ID:] o.s.b.w.e.tomcat.TomcatWebServer - Tomcat started on port 8090 (http) with context path '/'
2025-10-10 11:28:53.317 [main] INFO  [Tracking-ID:] [User-ID:] c.e.j.JavaLearningApplication - Started JavaLearningApplication in 7.104 seconds (process running for 7.784)
2025-10-10 11:29:10.536 [http-nio-8090-exec-1] INFO  [Tracking-ID:] [User-ID:] o.a.c.c.C.[Tomcat].[localhost].[/] - Initializing Spring DispatcherServlet 'dispatcherServlet'
2025-10-10 11:29:10.537 [http-nio-8090-exec-1] INFO  [Tracking-ID:] [User-ID:] o.s.web.servlet.DispatcherServlet - Initializing Servlet 'dispatcherServlet'
2025-10-10 11:29:10.543 [http-nio-8090-exec-1] INFO  [Tracking-ID:] [User-ID:] o.s.web.servlet.DispatcherServlet - Completed initialization in 5 ms
2025-10-10 11:29:10.831 [http-nio-8090-exec-1] INFO  [Tracking-ID:] [User-ID:] c.e.j.s.s.Interceptor - Interceptor: Request came to interceptor for appending userId and trackingId in the log
2025-10-10 11:29:10.886 [http-nio-8090-exec-1] INFO  [Tracking-ID:c6eb117d-89bb-40af-90c2-4f09fef4fc43] [User-ID:1L] c.e.j.c.corsOriginResourceSharingController - corsOriginResourceSharingController: Request came to the controller
2025-10-10 11:29:10.916 [http-nio-8090-exec-1] INFO  [Tracking-ID:c6eb117d-89bb-40af-90c2-4f09fef4fc43] [User-ID:1L] c.e.j.s.s.Interceptor - Interceptor: Request came to post handle
2025-10-10 11:29:10.917 [http-nio-8090-exec-1] INFO  [Tracking-ID:c6eb117d-89bb-40af-90c2-4f09fef4fc43] [User-ID:1L] c.e.j.s.s.Interceptor - Interceptor: Removing values from MDC
2025-10-10 11:35:36.822 [SpringApplicationShutdownHook] INFO  [Tracking-ID:] [User-ID:] o.s.b.w.e.tomcat.GracefulShutdown - Commencing graceful shutdown. Waiting for active requests to complete
2025-10-10 11:35:36.840 [tomcat-shutdown] INFO  [Tracking-ID:] [User-ID:] o.s.b.w.e.tomcat.GracefulShutdown - Graceful shutdown complete
2025-10-10 11:35:36.869 [SpringApplicationShutdownHook] INFO  [Tracking-ID:] [User-ID:] o.s.o.j.LocalContainerEntityManagerFactoryBean - Closing JPA EntityManagerFactory for persistence unit 'default'
2025-10-10 11:35:36.882 [SpringApplicationShutdownHook] INFO  [Tracking-ID:] [User-ID:] com.zaxxer.hikari.HikariDataSource - HikariPool-1 - Shutdown initiated...
2025-10-10 11:35:36.898 [SpringApplicationShutdownHook] INFO  [Tracking-ID:] [User-ID:] com.zaxxer.hikari.HikariDataSource - HikariPool-1 - Shutdown completed.
